Using pre-set license
Built from '2020.3/staging' branch; Version is '2020.3.32f1 (12f8b0834f07) revision 1243312'; Using compiler version '192528614'; Build Type 'Release'
OS: 'Windows 11  (10.0.22000) 64bit Core' Language: 'de' Physical Memory: 8079 MB
BatchMode: 1, IsHumanControllingUs: 0, StartBugReporterOnCrash: 0, Is64bit: 1, IsPro: 0

COMMAND LINE ARGUMENTS:
C:\Program Files\Unity\Hub\Editor\2020.3.32f1\Editor\Unity.exe
-adb2
-batchMode
-noUpm
-name
AssetImportWorker0
-projectPath
C:/Users/piama/Desktop/Studium/Hauptstudium/Informatik/GameDev/GameDev_2022
-logFile
Logs/AssetImportWorker0.log
-srvPort
1058
Successfully changed project path to: C:/Users/piama/Desktop/Studium/Hauptstudium/Informatik/GameDev/GameDev_2022
C:/Users/piama/Desktop/Studium/Hauptstudium/Informatik/GameDev/GameDev_2022
Using Asset Import Pipeline V2.
Refreshing native plugins compatible for Editor in 153.28 ms, found 2 plugins.
Preloading 0 native plugins for Editor in 0.00 ms.
Initialize engine version: 2020.3.32f1 (12f8b0834f07)
[Subsystems] Discovering subsystems at path C:/Program Files/Unity/Hub/Editor/2020.3.32f1/Editor/Data/Resources/UnitySubsystems
[Subsystems] Discovering subsystems at path C:/Users/piama/Desktop/Studium/Hauptstudium/Informatik/GameDev/GameDev_2022/Assets
GfxDevice: creating device client; threaded=0
Direct3D:
    Version:  Direct3D 11.0 [level 11.1]
    Renderer: NVIDIA GeForce GTX 1050 Ti with Max-Q Design (ID=0x1c8c)
    Vendor:   
    VRAM:     4019 MB
    Driver:   30.0.15.1179
Initialize mono
Mono path[0] = 'C:/Program Files/Unity/Hub/Editor/2020.3.32f1/Editor/Data/Managed'
Mono path[1] = 'C:/Program Files/Unity/Hub/Editor/2020.3.32f1/Editor/Data/MonoBleedingEdge/lib/mono/unityjit'
Mono config path = 'C:/Program Files/Unity/Hub/Editor/2020.3.32f1/Editor/Data/MonoBleedingEdge/etc'
Using monoOptions --debugger-agent=transport=dt_socket,embedding=1,server=y,suspend=n,address=127.0.0.1:56980
Begin MonoManager ReloadAssembly
Registering precompiled unity dll's ...
Register platform support module: C:/Program Files/Unity/Hub/Editor/2020.3.32f1/Editor/Data/PlaybackEngines/WindowsStandaloneSupport/UnityEditor.WindowsStandalone.Extensions.dll
Registered in 0.002858 seconds.
Native extension for WindowsStandalone target not found
Refreshing native plugins compatible for Editor in 55.64 ms, found 2 plugins.
Preloading 0 native plugins for Editor in 0.00 ms.
Mono: successfully reloaded assembly
- Completed reload, in  0.883 seconds
Domain Reload Profiling:
	ReloadAssembly (884ms)
		BeginReloadAssembly (92ms)
			ExecutionOrderSort (0ms)
			DisableScriptedObjects (0ms)
			BackupInstance (0ms)
			ReleaseScriptingObjects (0ms)
			CreateAndSetChildDomain (1ms)
		EndReloadAssembly (701ms)
			LoadAssemblies (90ms)
			RebuildTransferFunctionScriptingTraits (0ms)
			SetupTypeCache (278ms)
			ReleaseScriptCaches (0ms)
			RebuildScriptCaches (53ms)
			SetupLoadedEditorAssemblies (213ms)
				LogAssemblyErrors (0ms)
				InitializePlatformSupportModulesInManaged (8ms)
				SetLoadedEditorAssemblies (0ms)
				RefreshPlugins (56ms)
				BeforeProcessingInitializeOnLoad (11ms)
				ProcessInitializeOnLoadAttributes (102ms)
				ProcessInitializeOnLoadMethodAttributes (35ms)
				AfterProcessingInitializeOnLoad (0ms)
				EditorAssembliesLoaded (0ms)
			ExecutionOrderSort2 (0ms)
			AwakeInstancesAfterBackupRestoration (0ms)
Platform modules already initialized, skipping
Registering precompiled user dll's ...
Registered in 0.008816 seconds.
Begin MonoManager ReloadAssembly
Native extension for WindowsStandalone target not found
Refreshing native plugins compatible for Editor in 0.47 ms, found 2 plugins.
Preloading 0 native plugins for Editor in 0.00 ms.
Mono: successfully reloaded assembly
- Completed reload, in  1.291 seconds
Domain Reload Profiling:
	ReloadAssembly (1292ms)
		BeginReloadAssembly (176ms)
			ExecutionOrderSort (0ms)
			DisableScriptedObjects (6ms)
			BackupInstance (0ms)
			ReleaseScriptingObjects (0ms)
			CreateAndSetChildDomain (22ms)
		EndReloadAssembly (1046ms)
			LoadAssemblies (130ms)
			RebuildTransferFunctionScriptingTraits (0ms)
			SetupTypeCache (371ms)
			ReleaseScriptCaches (0ms)
			RebuildScriptCaches (58ms)
			SetupLoadedEditorAssemblies (372ms)
				LogAssemblyErrors (0ms)
				InitializePlatformSupportModulesInManaged (6ms)
				SetLoadedEditorAssemblies (1ms)
				RefreshPlugins (1ms)
				BeforeProcessingInitializeOnLoad (75ms)
				ProcessInitializeOnLoadAttributes (272ms)
				ProcessInitializeOnLoadMethodAttributes (11ms)
				AfterProcessingInitializeOnLoad (5ms)
				EditorAssembliesLoaded (0ms)
			ExecutionOrderSort2 (0ms)
			AwakeInstancesAfterBackupRestoration (9ms)
Platform modules already initialized, skipping
========================================================================
Worker process is ready to serve import requests
Launched and connected shader compiler UnityShaderCompiler.exe after 0.08 seconds
Refreshing native plugins compatible for Editor in 0.68 ms, found 2 plugins.
Preloading 0 native plugins for Editor in 0.00 ms.
Unloading 1683 Unused Serialized files (Serialized files now loaded: 0)
System memory in use before: 78.9 MB.
System memory in use after: 79.0 MB.

Unloading 17 unused Assets to reduce memory usage. Loaded Objects now: 2122.
Total: 3.322600 ms (FindLiveObjects: 0.229600 ms CreateObjectMapping: 0.089700 ms MarkObjects: 2.916400 ms  DeleteObjects: 0.086000 ms)

AssetImportParameters requested are different than current active one (requested -> active):
  custom:framework-win-MediaFoundation: 216162199b28c13a410421893ffa2e32 -> 
  custom:video-decoder-ogg-theora: a1e56fd34408186e4bbccfd4996cb3dc -> 
  custom:container-muxer-webm: aa71ff27fc2769a1b78a27578f13a17b -> 
  custom:container-demuxer-webm: 4f35f7cbe854078d1ac9338744f61a02 -> 
  custom:container-demuxer-ogg: 62fdf1f143b41e24485cea50d1cbac27 -> 
  custom:video-encoder-webm-vp8: eb34c28f22e8b96e1ab97ce403110664 -> 
  custom:video-decoder-webm-vp8: 9c59270c3fd7afecdb556c50c9e8de78 -> 
  custom:audio-decoder-ogg-vorbis: bf7c407c2cedff20999df2af8eb42d56 -> 
  custom:audio-encoder-webm-vorbis: bf7c407c2cedff20999df2af8eb42d56 -> 
========================================================================
Received Import Request.
  path: Assets/3D_Mesh/Nr9.fbx
  artifactKey: Guid(9cef2fdebb2e831428c6a15e33448137) Importer(815301076,1909f56bfc062723c751e8b465ee728b)
Start importing Assets/3D_Mesh/Nr9.fbx using Guid(9cef2fdebb2e831428c6a15e33448137) Importer(815301076,1909f56bfc062723c751e8b465ee728b)  -> (artifact id: '4c846c3d337a315e9f7c39938a5bba92') in 0.237492 seconds 
========================================================================
Received Import Request.
  Time since last request: 0.000442 seconds.
  path: Assets/3D_Mesh/nr11.fbx
  artifactKey: Guid(33ab7d897e097a74d83b62958d90f2d8) Importer(815301076,1909f56bfc062723c751e8b465ee728b)
Start importing Assets/3D_Mesh/nr11.fbx using Guid(33ab7d897e097a74d83b62958d90f2d8) Importer(815301076,1909f56bfc062723c751e8b465ee728b)  -> (artifact id: 'ee9e07e9413546bb1214b0a358093867') in 0.141148 seconds 
========================================================================
Received Import Request.
  Time since last request: 0.000480 seconds.
  path: Assets/3D_Mesh/Windwill_v1.fbx
  artifactKey: Guid(020be0be6fe14a24ab8b28741be9e60f) Importer(815301076,1909f56bfc062723c751e8b465ee728b)
Start importing Assets/3D_Mesh/Windwill_v1.fbx using Guid(020be0be6fe14a24ab8b28741be9e60f) Importer(815301076,1909f56bfc062723c751e8b465ee728b)  -> (artifact id: 'e4e5de6d0ba071ddf0cf840beca86555') in 0.124905 seconds 
========================================================================
Received Import Request.
  Time since last request: 0.000553 seconds.
  path: Assets/3D_Mesh/Nr6.fbx
  artifactKey: Guid(1f2424f1e4a1c204bb381f9decd762e8) Importer(815301076,1909f56bfc062723c751e8b465ee728b)
Start importing Assets/3D_Mesh/Nr6.fbx using Guid(1f2424f1e4a1c204bb381f9decd762e8) Importer(815301076,1909f56bfc062723c751e8b465ee728b)  -> (artifact id: 'edae23dfae4d7288dc1270f879cc4fc8') in 0.139593 seconds 
========================================================================
Received Import Request.
  Time since last request: 18.164631 seconds.
  path: Assets/3D_Mesh/Nr1.fbx
  artifactKey: Guid(241f6dda6b143ae4185addf78ac3ade0) Importer(815301076,1909f56bfc062723c751e8b465ee728b)
Start importing Assets/3D_Mesh/Nr1.fbx using Guid(241f6dda6b143ae4185addf78ac3ade0) Importer(815301076,1909f56bfc062723c751e8b465ee728b)  -> (artifact id: '03860fd5c7974cac75d6041147388085') in 0.064606 seconds 
========================================================================
Received Import Request.
  Time since last request: 157.570167 seconds.
  path: Assets/3D_Mesh/Nr1.fbx
  artifactKey: Guid(241f6dda6b143ae4185addf78ac3ade0) Importer(815301076,1909f56bfc062723c751e8b465ee728b)
Start importing Assets/3D_Mesh/Nr1.fbx using Guid(241f6dda6b143ae4185addf78ac3ade0) Importer(815301076,1909f56bfc062723c751e8b465ee728b)  -> (artifact id: '61f7d875267ba07ec72ba7d00a41f15d') in 0.034346 seconds 
========================================================================
Received Import Request.
  Time since last request: 390.214383 seconds.
  path: Assets/Materials/Vol_18_2_Metals_Base_Color.mat
  artifactKey: Guid(8903afeef5af5b841b9354879a5ccf0a) Importer(815301076,1909f56bfc062723c751e8b465ee728b)
Start importing Assets/Materials/Vol_18_2_Metals_Base_Color.mat using Guid(8903afeef5af5b841b9354879a5ccf0a) Importer(815301076,1909f56bfc062723c751e8b465ee728b)  -> (artifact id: 'fce689d853390b4c075c477e89752a22') in 0.037688 seconds 
========================================================================
Received Import Request.
  Time since last request: 38.587832 seconds.
  path: Assets/New Terrain.asset
  artifactKey: Guid(fd31e1ef251b7954a82f2ef4b62c7ef9) Importer(815301076,1909f56bfc062723c751e8b465ee728b)
Start importing Assets/New Terrain.asset using Guid(fd31e1ef251b7954a82f2ef4b62c7ef9) Importer(815301076,1909f56bfc062723c751e8b465ee728b)  -> (artifact id: '8736e8aac618ca0b63c05b680607a8e6') in 0.044722 seconds 
AssetImportWorkerClient::OnTransportError - code=2 error=End of file
